<?xml version="1.0" encoding="UTF-8"?>
<!-- Generated by org.testng.reporters.JUnitReportReporter -->
<testsuite hostname="ahmed-pc.home" name="TestRunner" tests="7" failures="0" timestamp="1 May 2013 22:32:49 GMT" time="10.653" errors="0">
  <testcase name="clickPrev" time="2.888" classname="TestRunner"/>
  <testcase name="verifyFirstPageAgain" time="0.030" classname="TestRunner"/>
  <testcase name="verifySecondPage" time="0.093" classname="TestRunner"/>
  <testcase name="openHomePage" time="3.115" classname="TestRunner"/>
  <testcase name="clickNext" time="2.138" classname="TestRunner"/>
  <testcase name="verifyFirstPage" time="0.019" classname="TestRunner"/>
  <testcase name="searchAndGo" time="2.370" classname="TestRunner"/>
</testsuite> <!-- TestRunner -->
